<?xml version="1.0" encoding="UTF-8"?>
<!-- Generated by org.testng.reporters.JUnitReportReporter -->
<testsuite hostname="suneels-MacBook-Pro.local" name="com.cumulus.ui.automation.common.test.CumulusUITest" tests="1" failures="0" timestamp="6 Jun 2019 09:51:07 GMT" time="30.557" errors="0">
  <testcase name="test" time="30.557" classname="com.cumulus.ui.automation.common.test.CumulusUITest"/>
</testsuite> <!-- com.cumulus.ui.automation.common.test.CumulusUITest -->
