<?xml version="1.0" encoding="UTF-8"?>
<!-- Generated by org.testng.reporters.JUnitReportReporter -->
<testsuite hostname="suneels-MacBook-Pro.local" name="com.cumulus.ui.automation.AngularWebDriver" tests="1" failures="0" timestamp="17 May 2019 08:48:54 GMT" time="31.269" errors="0">
  <testcase name="test" time="31.269" classname="com.cumulus.ui.automation.AngularWebDriver"/>
</testsuite> <!-- com.cumulus.ui.automation.AngularWebDriver -->
