<?xml version="1.0" encoding="UTF-8"?>
<!-- Generated by org.testng.reporters.JUnitReportReporter -->
<testsuite hostname="suneels-MacBook-Pro.local" name="com.cumulus.ui.automation.CumulusUITest" tests="1" failures="0" timestamp="21 May 2019 15:27:21 GMT" time="6.458" errors="0">
  <testcase name="test" time="6.458" classname="com.cumulus.ui.automation.CumulusUITest"/>
</testsuite> <!-- com.cumulus.ui.automation.CumulusUITest -->
